app/build/intermediates/manifest_merge_blame_file/debug/manifest-merger-blame-debug-report.txt
1<?xml version="1.0" encoding="utf-8"?>
2<manifest xmlns:android="http://schemas.android.com/apk/res/android"
3    package="com.example.pokearth"
4    android:versionCode="1"
5    android:versionName="1.0" >
6
7    <uses-sdk
8        android:minSdkVersion="16"
8-->src\main\AndroidManifest.xml
9        android:targetSdkVersion="30" />
9-->src\main\AndroidManifest.xml
10
11    <uses-permission android:name="android.permission.INTERNET" />
11-->src\main\AndroidManifest.xml:5:5-67
11-->src\main\AndroidManifest.xml:5:22-64
12
13    <supports-screens
13-->src\main\AndroidManifest.xml:7:5-11:40
14        android:largeScreens="true"
14-->src\main\AndroidManifest.xml:8:9-36
15        android:normalScreens="true"
15-->src\main\AndroidManifest.xml:9:9-37
16        android:smallScreens="true"
16-->src\main\AndroidManifest.xml:10:9-36
17        android:xlargeScreens="true" />
17-->src\main\AndroidManifest.xml:11:9-37
18
19    <application
19-->src\main\AndroidManifest.xml:13:5-41:19
20        android:allowBackup="true"
20-->src\main\AndroidManifest.xml:14:9-35
21        android:appComponentFactory="androidx.core.app.CoreComponentFactory"
21-->[androidx.core:core:1.3.1] AndroidManifest.xml:24:18-86
22        android:debuggable="true"
23        android:icon="@mipmap/ic_launcher"
23-->src\main\AndroidManifest.xml:15:9-43
24        android:label="@string/app_name"
24-->src\main\AndroidManifest.xml:16:9-41
25        android:roundIcon="@mipmap/ic_launcher_round"
25-->src\main\AndroidManifest.xml:17:9-54
26        android:supportsRtl="true"
26-->src\main\AndroidManifest.xml:18:9-35
27        android:testOnly="true"
28        android:theme="@style/Theme.Pokearth" >
28-->src\main\AndroidManifest.xml:19:9-46
29        <activity android:name="com.example.pokearth.ItemActivity" />
29-->src\main\AndroidManifest.xml:21:9-49
29-->src\main\AndroidManifest.xml:21:19-47
30        <activity android:name="com.example.pokearth.BiomeActivity" />
30-->src\main\AndroidManifest.xml:22:9-60
30-->src\main\AndroidManifest.xml:22:19-48
31        <activity android:name="com.example.pokearth.MainActivity" />
31-->src\main\AndroidManifest.xml:23:9-50
31-->src\main\AndroidManifest.xml:23:19-47
32        <activity android:name="com.example.pokearth.PlayActivity" />
32-->src\main\AndroidManifest.xml:24:9-50
32-->src\main\AndroidManifest.xml:24:19-47
33        <activity android:name="com.example.pokearth.FightActivity" />
33-->src\main\AndroidManifest.xml:25:9-51
33-->src\main\AndroidManifest.xml:25:19-48
34        <activity android:name="com.example.pokearth.InventoryActivity" />
34-->src\main\AndroidManifest.xml:26:9-55
34-->src\main\AndroidManifest.xml:26:19-52
35        <activity android:name="com.example.pokearth.ShopActivity" />
35-->src\main\AndroidManifest.xml:27:9-50
35-->src\main\AndroidManifest.xml:27:19-47
36        <activity android:name="com.example.pokearth.pokedex.PokedexActivity" />
36-->src\main\AndroidManifest.xml:29:9-60
36-->src\main\AndroidManifest.xml:29:19-58
37        <activity android:name="com.example.pokearth.pokedex.PokemonActivity" />
37-->src\main\AndroidManifest.xml:30:9-60
37-->src\main\AndroidManifest.xml:30:19-58
38        <activity android:name="com.example.pokearth.PartyActivity" />
38-->src\main\AndroidManifest.xml:32:9-50
38-->src\main\AndroidManifest.xml:32:19-48
39        <activity android:name="com.example.pokearth.SplashActivity" >
39-->src\main\AndroidManifest.xml:34:9-40:20
39-->src\main\AndroidManifest.xml:34:19-49
40            <intent-filter>
40-->src\main\AndroidManifest.xml:35:13-39:29
41                <action android:name="android.intent.action.MAIN" />
41-->src\main\AndroidManifest.xml:36:17-69
41-->src\main\AndroidManifest.xml:36:25-66
42
43                <category android:name="android.intent.category.LAUNCHER" />
43-->src\main\AndroidManifest.xml:38:17-77
43-->src\main\AndroidManifest.xml:38:27-74
44            </intent-filter>
45        </activity>
46
47        <service
47-->[androidx.room:room-runtime:2.2.6] AndroidManifest.xml:25:9-28:40
48            android:name="androidx.room.MultiInstanceInvalidationService"
48-->[androidx.room:room-runtime:2.2.6] AndroidManifest.xml:26:13-74
49            android:directBootAware="true"
49-->[androidx.room:room-runtime:2.2.6] AndroidManifest.xml:27:13-43
50            android:exported="false" />
50-->[androidx.room:room-runtime:2.2.6] AndroidManifest.xml:28:13-37
51    </application>
52
53</manifest>